<?xml version="1.0" encoding="UTF-8"?>
<!-- Generated by org.testng.reporters.JUnitReportReporter -->
<testsuite hostname="DESKTOP-BABQN08" failures="0" tests="6" name="testingGospodarPrstenova" time="186.202" errors="0" timestamp="2020-02-05T18:36:00 CET" skipped="0">
  <testcase classname="testingGospodarPrstenova" name="test5_RemoveFromCart" time="36.641"/>
  <system-out/>
  <testcase classname="testingGospodarPrstenova" name="test6_Checkout" time="29.722"/>
  <system-out/>
  <testcase classname="testingGospodarPrstenova" name="test2_SignIn" time="21.980"/>
  <system-out/>
  <testcase classname="testingGospodarPrstenova" name="test3_SignOut" time="26.220"/>
  <system-out/>
  <testcase classname="testingGospodarPrstenova" name="test1_SignInWrongPassword" time="22.675"/>
  <system-out/>
  <testcase classname="testingGospodarPrstenova" name="test4_AddToCart" time="48.964"/>
  <system-out/>
</testsuite> <!-- testingGospodarPrstenova -->
